<?xml version="1.0" encoding="UTF-8"?>
<!-- Generated by org.testng.reporters.JUnitReportReporter -->
<testsuite skipped="0" hostname="DESKTOP-FL5NP8Q" name="practice.AppiumFramework.Ecommerce_Register_Test" tests="1" failures="0" timestamp="2020-08-19T15:47:53 IST" time="83.692" errors="0">
  <testcase name="registration" time="83.692" classname="practice.AppiumFramework.Ecommerce_Register_Test"/>
  <system-out/>
</testsuite> <!-- practice.AppiumFramework.Ecommerce_Register_Test -->
