<?xml version="1.0" encoding="UTF-8"?>
<!-- Generated by org.testng.reporters.JUnitReportReporter -->
<testsuite skipped="0" hostname="DESKTOP-FL5NP8Q" name="practice.AppiumFramework.ApiDemoTest" tests="1" failures="0" timestamp="2020-08-19T15:47:53 IST" time="49.700" errors="0">
  <testcase name="api" time="49.700" classname="practice.AppiumFramework.ApiDemoTest"/>
  <system-out/>
</testsuite> <!-- practice.AppiumFramework.ApiDemoTest -->
